<?xml version="1.0" encoding="UTF-8"?><testrun name="TestRunner" project="ArtifactID" tests="1" started="1" failures="0" errors="2" ignored="0">
  <testsuite name="cucumberOptions.TestRunner" time="44.046">
    <testsuite name="Feature: Buy Products" time="44.046">
      <testcase name="Add backPack to Cart and dont Checkout" classname="Buy Products" time="44.046">
        <error>org.openqa.selenium.NoSuchWindowException: no such window: target window already closed
from unknown error: web view not found
  (Session info: chrome=89.0.4389.90)
Build info: version: '4.0.0-beta-4', revision: '29f46d02dd'
System info: host: 'LTIN291062', ip: '192.168.225.161', os.name: 'Windows 10', os.arch: 'amd64', os.version: '10.0', java.version: '1.8.0_291'
Driver info: org.openqa.selenium.chrome.ChromeDriver
Command: [d447f897f99803cc2a140d65708f97df, maximizeCurrentWindow {}]
Capabilities {acceptInsecureCerts: false, browserName: chrome, browserVersion: 89.0.4389.90, chrome: {chromedriverVersion: 89.0.4389.23 (61b08ee2c5002..., userDataDir: C:\Users\494770\AppData\Loc...}, goog:chromeOptions: {debuggerAddress: localhost:57540}, javascriptEnabled: true, networkConnectionEnabled: false, pageLoadStrategy: normal, platform: WINDOWS, platformName: WINDOWS, proxy: Proxy(), se:cdp: ws://localhost:57540/devtoo..., se:cdpVersion: 89.0.4389.90, setWindowRect: true, strictFileInteractability: false, timeouts: {implicit: 0, pageLoad: 300000, script: 30000}, unhandledPromptBehavior: dismiss and notify, webauthn:extension:largeBlob: true, webauthn:virtualAuthenticators: true}
Session ID: d447f897f99803cc2a140d65708f97df&#13;
	at sun.reflect.NativeConstructorAccessorImpl.newInstance0(Native Method)&#13;
	at sun.reflect.NativeConstructorAccessorImpl.newInstance(NativeConstructorAccessorImpl.java:62)&#13;
	at sun.reflect.DelegatingConstructorAccessorImpl.newInstance(DelegatingConstructorAccessorImpl.java:45)&#13;
	at java.lang.reflect.Constructor.newInstance(Constructor.java:423)&#13;
	at org.openqa.selenium.remote.codec.w3c.W3CHttpResponseCodec.createException(W3CHttpResponseCodec.java:200)&#13;
	at org.openqa.selenium.remote.codec.w3c.W3CHttpResponseCodec.decode(W3CHttpResponseCodec.java:133)&#13;
	at org.openqa.selenium.remote.codec.w3c.W3CHttpResponseCodec.decode(W3CHttpResponseCodec.java:53)&#13;
	at org.openqa.selenium.remote.HttpCommandExecutor.execute(HttpCommandExecutor.java:184)&#13;
	at org.openqa.selenium.remote.service.DriverCommandExecutor.invokeExecute(DriverCommandExecutor.java:162)&#13;
	at org.openqa.selenium.remote.service.DriverCommandExecutor.execute(DriverCommandExecutor.java:137)&#13;
	at org.openqa.selenium.remote.RemoteWebDriver.execute(RemoteWebDriver.java:612)&#13;
	at org.openqa.selenium.remote.RemoteWebDriver.execute(RemoteWebDriver.java:667)&#13;
	at org.openqa.selenium.remote.RemoteWebDriver.execute(RemoteWebDriver.java:671)&#13;
	at org.openqa.selenium.remote.RemoteWebDriver$RemoteWebDriverOptions$RemoteWindow.maximize(RemoteWebDriver.java:976)&#13;
	at stepDefinition.StepDefinition.user_is_on_saucedemo_home_page(StepDefinition.java:27)&#13;
	at âœ½.User is on SauceDemo home Page(file:src/test/java/features/BuyProducts.feature:4)&#13;
&#13;
org.openqa.selenium.WebDriverException: chrome not reachable
  (Session info: chrome=89.0.4389.90)
Build info: version: '4.0.0-beta-4', revision: '29f46d02dd'
System info: host: 'LTIN291062', ip: '192.168.225.161', os.name: 'Windows 10', os.arch: 'amd64', os.version: '10.0', java.version: '1.8.0_291'
Driver info: org.openqa.selenium.chrome.ChromeDriver
Command: [d447f897f99803cc2a140d65708f97df, close {}]
Capabilities {acceptInsecureCerts: false, browserName: chrome, browserVersion: 89.0.4389.90, chrome: {chromedriverVersion: 89.0.4389.23 (61b08ee2c5002..., userDataDir: C:\Users\494770\AppData\Loc...}, goog:chromeOptions: {debuggerAddress: localhost:57540}, javascriptEnabled: true, networkConnectionEnabled: false, pageLoadStrategy: normal, platform: WINDOWS, platformName: WINDOWS, proxy: Proxy(), se:cdp: ws://localhost:57540/devtoo..., se:cdpVersion: 89.0.4389.90, setWindowRect: true, strictFileInteractability: false, timeouts: {implicit: 0, pageLoad: 300000, script: 30000}, unhandledPromptBehavior: dismiss and notify, webauthn:extension:largeBlob: true, webauthn:virtualAuthenticators: true}
Session ID: d447f897f99803cc2a140d65708f97df&#13;
	at sun.reflect.NativeConstructorAccessorImpl.newInstance0(Native Method)&#13;
	at sun.reflect.NativeConstructorAccessorImpl.newInstance(NativeConstructorAccessorImpl.java:62)&#13;
	at sun.reflect.DelegatingConstructorAccessorImpl.newInstance(DelegatingConstructorAccessorImpl.java:45)&#13;
	at java.lang.reflect.Constructor.newInstance(Constructor.java:423)&#13;
	at org.openqa.selenium.remote.codec.w3c.W3CHttpResponseCodec.createException(W3CHttpResponseCodec.java:200)&#13;
	at org.openqa.selenium.remote.codec.w3c.W3CHttpResponseCodec.decode(W3CHttpResponseCodec.java:133)&#13;
	at org.openqa.selenium.remote.codec.w3c.W3CHttpResponseCodec.decode(W3CHttpResponseCodec.java:53)&#13;
	at org.openqa.selenium.remote.HttpCommandExecutor.execute(HttpCommandExecutor.java:184)&#13;
	at org.openqa.selenium.remote.service.DriverCommandExecutor.invokeExecute(DriverCommandExecutor.java:162)&#13;
	at org.openqa.selenium.remote.service.DriverCommandExecutor.execute(DriverCommandExecutor.java:137)&#13;
	at org.openqa.selenium.remote.RemoteWebDriver.execute(RemoteWebDriver.java:612)&#13;
	at org.openqa.selenium.remote.RemoteWebDriver.execute(RemoteWebDriver.java:667)&#13;
	at org.openqa.selenium.remote.RemoteWebDriver.execute(RemoteWebDriver.java:671)&#13;
	at org.openqa.selenium.remote.RemoteWebDriver.close(RemoteWebDriver.java:497)&#13;
	at stepDefinition.Hooks.aftervalidation(Hooks.java:26)&#13;
	at sun.reflect.NativeMethodAccessorImpl.invoke0(Native Method)&#13;
	at sun.reflect.NativeMethodAccessorImpl.invoke(NativeMethodAccessorImpl.java:62)&#13;
	at sun.reflect.DelegatingMethodAccessorImpl.invoke(DelegatingMethodAccessorImpl.java:43)&#13;
	at java.lang.reflect.Method.invoke(Method.java:498)&#13;
	at cucumber.runtime.Utils$1.call(Utils.java:26)&#13;
	at cucumber.runtime.Timeout.timeout(Timeout.java:16)&#13;
	at cucumber.runtime.Utils.invoke(Utils.java:20)&#13;
	at cucumber.runtime.java.JavaHookDefinition.execute(JavaHookDefinition.java:60)&#13;
	at cucumber.runner.HookDefinitionMatch.runStep(HookDefinitionMatch.java:16)&#13;
	at cucumber.runner.TestStep.executeStep(TestStep.java:63)&#13;
	at cucumber.runner.TestStep.run(TestStep.java:49)&#13;
	at cucumber.runner.TestCase.run(TestCase.java:49)&#13;
	at cucumber.runner.Runner.runPickle(Runner.java:40)&#13;
	at cucumber.runtime.junit.PickleRunners$NoStepDescriptions.run(PickleRunners.java:146)&#13;
	at cucumber.runtime.junit.FeatureRunner.runChild(FeatureRunner.java:68)&#13;
	at cucumber.runtime.junit.FeatureRunner.runChild(FeatureRunner.java:23)&#13;
	at org.junit.runners.ParentRunner$3.run(ParentRunner.java:290)&#13;
	at org.junit.runners.ParentRunner$1.schedule(ParentRunner.java:71)&#13;
	at org.junit.runners.ParentRunner.runChildren(ParentRunner.java:288)&#13;
	at org.junit.runners.ParentRunner.access$000(ParentRunner.java:58)&#13;
	at org.junit.runners.ParentRunner$2.evaluate(ParentRunner.java:268)&#13;
	at org.junit.runners.ParentRunner.run(ParentRunner.java:363)&#13;
	at cucumber.runtime.junit.FeatureRunner.run(FeatureRunner.java:73)&#13;
	at cucumber.api.junit.Cucumber.runChild(Cucumber.java:122)&#13;
	at cucumber.api.junit.Cucumber.runChild(Cucumber.java:64)&#13;
	at org.junit.runners.ParentRunner$3.run(ParentRunner.java:290)&#13;
	at org.junit.runners.ParentRunner$1.schedule(ParentRunner.java:71)&#13;
	at org.junit.runners.ParentRunner.runChildren(ParentRunner.java:288)&#13;
	at org.junit.runners.ParentRunner.access$000(ParentRunner.java:58)&#13;
	at org.junit.runners.ParentRunner$2.evaluate(ParentRunner.java:268)&#13;
	at cucumber.api.junit.Cucumber$1.evaluate(Cucumber.java:131)&#13;
	at org.junit.runners.ParentRunner.run(ParentRunner.java:363)&#13;
	at org.eclipse.jdt.internal.junit4.runner.JUnit4TestReference.run(JUnit4TestReference.java:86)&#13;
	at org.eclipse.jdt.internal.junit.runner.TestExecution.run(TestExecution.java:38)&#13;
	at org.eclipse.jdt.internal.junit.runner.RemoteTestRunner.runTests(RemoteTestRunner.java:538)&#13;
	at org.eclipse.jdt.internal.junit.runner.RemoteTestRunner.runTests(RemoteTestRunner.java:760)&#13;
	at org.eclipse.jdt.internal.junit.runner.RemoteTestRunner.run(RemoteTestRunner.java:460)&#13;
	at org.eclipse.jdt.internal.junit.runner.RemoteTestRunner.main(RemoteTestRunner.java:206)&#13;
&#13;
</error>
      </testcase>
    </testsuite>
  </testsuite>
</testrun>
