<?xml version="1.0" encoding="UTF-8"?><testrun name="TestRunner" project="ArtifactID" tests="3" started="3" failures="0" errors="6" ignored="0">
  <testsuite name="cucumberOptions.TestRunner" time="16.525">
    <testsuite name="Feature: Buy Products" time="16.525">
      <testcase name="Add Bike Light to Cart and Checkout" classname="Buy Products" time="6.387">
        <error>org.openqa.selenium.SessionNotCreatedException: Could not start a new session. Response code 500. Message: session not created: This version of ChromeDriver only supports Chrome version 89
Current browser version is 91.0.4472.114 with binary path C:\Program Files\Google\Chrome\Application\chrome.exe
Build info: version: '4.0.0-beta-4', revision: '29f46d02dd'
System info: host: 'LTIN291062', ip: '192.168.43.15', os.name: 'Windows 10', os.arch: 'amd64', os.version: '10.0', java.version: '1.8.0_291'
Driver info: org.openqa.selenium.chrome.ChromeDriver
Command: [null, newSession {capabilities=[Capabilities {browserName: chrome, goog:chromeOptions: {args: [], extensions: []}}], desiredCapabilities=Capabilities {browserName: chrome, goog:chromeOptions: {args: [], extensions: []}}}]&#13;
	at org.openqa.selenium.remote.ProtocolHandshake.createSession(ProtocolHandshake.java:126)&#13;
	at org.openqa.selenium.remote.ProtocolHandshake.createSession(ProtocolHandshake.java:84)&#13;
	at org.openqa.selenium.remote.ProtocolHandshake.createSession(ProtocolHandshake.java:62)&#13;
	at org.openqa.selenium.remote.HttpCommandExecutor.execute(HttpCommandExecutor.java:156)&#13;
	at org.openqa.selenium.remote.service.DriverCommandExecutor.invokeExecute(DriverCommandExecutor.java:162)&#13;
	at org.openqa.selenium.remote.service.DriverCommandExecutor.execute(DriverCommandExecutor.java:137)&#13;
	at org.openqa.selenium.remote.RemoteWebDriver.execute(RemoteWebDriver.java:612)&#13;
	at org.openqa.selenium.remote.RemoteWebDriver.startSession(RemoteWebDriver.java:244)&#13;
	at org.openqa.selenium.remote.RemoteWebDriver.&lt;init&gt;(RemoteWebDriver.java:165)&#13;
	at org.openqa.selenium.chromium.ChromiumDriver.&lt;init&gt;(ChromiumDriver.java:89)&#13;
	at org.openqa.selenium.chrome.ChromeDriver.&lt;init&gt;(ChromeDriver.java:99)&#13;
	at org.openqa.selenium.chrome.ChromeDriver.&lt;init&gt;(ChromeDriver.java:86)&#13;
	at org.openqa.selenium.chrome.ChromeDriver.&lt;init&gt;(ChromeDriver.java:41)&#13;
	at GroupID.Base.getDriver(Base.java:17)&#13;
	at stepDefinition.StepDefinition.user_is_on_saucedemo_home_page(StepDefinition.java:31)&#13;
	at ✽.User is on SauceDemo home Page(file:src/test/java/features/BuyProducts.feature:12)&#13;
&#13;
java.lang.NullPointerException&#13;
	at stepDefinition.Hooks.aftervalidation(Hooks.java:26)&#13;
	at sun.reflect.NativeMethodAccessorImpl.invoke0(Native Method)&#13;
	at sun.reflect.NativeMethodAccessorImpl.invoke(NativeMethodAccessorImpl.java:62)&#13;
	at sun.reflect.DelegatingMethodAccessorImpl.invoke(DelegatingMethodAccessorImpl.java:43)&#13;
	at java.lang.reflect.Method.invoke(Method.java:498)&#13;
	at cucumber.runtime.Utils$1.call(Utils.java:26)&#13;
	at cucumber.runtime.Timeout.timeout(Timeout.java:16)&#13;
	at cucumber.runtime.Utils.invoke(Utils.java:20)&#13;
	at cucumber.runtime.java.JavaHookDefinition.execute(JavaHookDefinition.java:60)&#13;
	at cucumber.runner.HookDefinitionMatch.runStep(HookDefinitionMatch.java:16)&#13;
	at cucumber.runner.TestStep.executeStep(TestStep.java:63)&#13;
	at cucumber.runner.TestStep.run(TestStep.java:49)&#13;
	at cucumber.runner.TestCase.run(TestCase.java:49)&#13;
	at cucumber.runner.Runner.runPickle(Runner.java:40)&#13;
	at cucumber.runtime.junit.PickleRunners$NoStepDescriptions.run(PickleRunners.java:146)&#13;
	at cucumber.runtime.junit.FeatureRunner.runChild(FeatureRunner.java:68)&#13;
	at cucumber.runtime.junit.FeatureRunner.runChild(FeatureRunner.java:23)&#13;
	at org.junit.runners.ParentRunner$3.run(ParentRunner.java:290)&#13;
	at org.junit.runners.ParentRunner$1.schedule(ParentRunner.java:71)&#13;
	at org.junit.runners.ParentRunner.runChildren(ParentRunner.java:288)&#13;
	at org.junit.runners.ParentRunner.access$000(ParentRunner.java:58)&#13;
	at org.junit.runners.ParentRunner$2.evaluate(ParentRunner.java:268)&#13;
	at org.junit.runners.ParentRunner.run(ParentRunner.java:363)&#13;
	at cucumber.runtime.junit.FeatureRunner.run(FeatureRunner.java:73)&#13;
	at cucumber.api.junit.Cucumber.runChild(Cucumber.java:122)&#13;
	at cucumber.api.junit.Cucumber.runChild(Cucumber.java:64)&#13;
	at org.junit.runners.ParentRunner$3.run(ParentRunner.java:290)&#13;
	at org.junit.runners.ParentRunner$1.schedule(ParentRunner.java:71)&#13;
	at org.junit.runners.ParentRunner.runChildren(ParentRunner.java:288)&#13;
	at org.junit.runners.ParentRunner.access$000(ParentRunner.java:58)&#13;
	at org.junit.runners.ParentRunner$2.evaluate(ParentRunner.java:268)&#13;
	at cucumber.api.junit.Cucumber$1.evaluate(Cucumber.java:131)&#13;
	at org.junit.runners.ParentRunner.run(ParentRunner.java:363)&#13;
	at org.eclipse.jdt.internal.junit4.runner.JUnit4TestReference.run(JUnit4TestReference.java:86)&#13;
	at org.eclipse.jdt.internal.junit.runner.TestExecution.run(TestExecution.java:38)&#13;
	at org.eclipse.jdt.internal.junit.runner.RemoteTestRunner.runTests(RemoteTestRunner.java:538)&#13;
	at org.eclipse.jdt.internal.junit.runner.RemoteTestRunner.runTests(RemoteTestRunner.java:760)&#13;
	at org.eclipse.jdt.internal.junit.runner.RemoteTestRunner.run(RemoteTestRunner.java:460)&#13;
	at org.eclipse.jdt.internal.junit.runner.RemoteTestRunner.main(RemoteTestRunner.java:206)&#13;
&#13;
</error>
      </testcase>
      <testcase name="Add Bike Light to Cart and Checkout" classname="Buy Products" time="5.148">
        <error>org.openqa.selenium.SessionNotCreatedException: Could not start a new session. Response code 500. Message: session not created: This version of ChromeDriver only supports Chrome version 89
Current browser version is 91.0.4472.114 with binary path C:\Program Files\Google\Chrome\Application\chrome.exe
Build info: version: '4.0.0-beta-4', revision: '29f46d02dd'
System info: host: 'LTIN291062', ip: '192.168.43.15', os.name: 'Windows 10', os.arch: 'amd64', os.version: '10.0', java.version: '1.8.0_291'
Driver info: org.openqa.selenium.chrome.ChromeDriver
Command: [null, newSession {capabilities=[Capabilities {browserName: chrome, goog:chromeOptions: {args: [], extensions: []}}], desiredCapabilities=Capabilities {browserName: chrome, goog:chromeOptions: {args: [], extensions: []}}}]&#13;
	at org.openqa.selenium.remote.ProtocolHandshake.createSession(ProtocolHandshake.java:126)&#13;
	at org.openqa.selenium.remote.ProtocolHandshake.createSession(ProtocolHandshake.java:84)&#13;
	at org.openqa.selenium.remote.ProtocolHandshake.createSession(ProtocolHandshake.java:62)&#13;
	at org.openqa.selenium.remote.HttpCommandExecutor.execute(HttpCommandExecutor.java:156)&#13;
	at org.openqa.selenium.remote.service.DriverCommandExecutor.invokeExecute(DriverCommandExecutor.java:162)&#13;
	at org.openqa.selenium.remote.service.DriverCommandExecutor.execute(DriverCommandExecutor.java:137)&#13;
	at org.openqa.selenium.remote.RemoteWebDriver.execute(RemoteWebDriver.java:612)&#13;
	at org.openqa.selenium.remote.RemoteWebDriver.startSession(RemoteWebDriver.java:244)&#13;
	at org.openqa.selenium.remote.RemoteWebDriver.&lt;init&gt;(RemoteWebDriver.java:165)&#13;
	at org.openqa.selenium.chromium.ChromiumDriver.&lt;init&gt;(ChromiumDriver.java:89)&#13;
	at org.openqa.selenium.chrome.ChromeDriver.&lt;init&gt;(ChromeDriver.java:99)&#13;
	at org.openqa.selenium.chrome.ChromeDriver.&lt;init&gt;(ChromeDriver.java:86)&#13;
	at org.openqa.selenium.chrome.ChromeDriver.&lt;init&gt;(ChromeDriver.java:41)&#13;
	at GroupID.Base.getDriver(Base.java:17)&#13;
	at stepDefinition.StepDefinition.user_is_on_saucedemo_home_page(StepDefinition.java:31)&#13;
	at ✽.User is on SauceDemo home Page(file:src/test/java/features/BuyProducts.feature:12)&#13;
&#13;
java.lang.NullPointerException&#13;
	at stepDefinition.Hooks.aftervalidation(Hooks.java:26)&#13;
	at sun.reflect.NativeMethodAccessorImpl.invoke0(Native Method)&#13;
	at sun.reflect.NativeMethodAccessorImpl.invoke(NativeMethodAccessorImpl.java:62)&#13;
	at sun.reflect.DelegatingMethodAccessorImpl.invoke(DelegatingMethodAccessorImpl.java:43)&#13;
	at java.lang.reflect.Method.invoke(Method.java:498)&#13;
	at cucumber.runtime.Utils$1.call(Utils.java:26)&#13;
	at cucumber.runtime.Timeout.timeout(Timeout.java:16)&#13;
	at cucumber.runtime.Utils.invoke(Utils.java:20)&#13;
	at cucumber.runtime.java.JavaHookDefinition.execute(JavaHookDefinition.java:60)&#13;
	at cucumber.runner.HookDefinitionMatch.runStep(HookDefinitionMatch.java:16)&#13;
	at cucumber.runner.TestStep.executeStep(TestStep.java:63)&#13;
	at cucumber.runner.TestStep.run(TestStep.java:49)&#13;
	at cucumber.runner.TestCase.run(TestCase.java:49)&#13;
	at cucumber.runner.Runner.runPickle(Runner.java:40)&#13;
	at cucumber.runtime.junit.PickleRunners$NoStepDescriptions.run(PickleRunners.java:146)&#13;
	at cucumber.runtime.junit.FeatureRunner.runChild(FeatureRunner.java:68)&#13;
	at cucumber.runtime.junit.FeatureRunner.runChild(FeatureRunner.java:23)&#13;
	at org.junit.runners.ParentRunner$3.run(ParentRunner.java:290)&#13;
	at org.junit.runners.ParentRunner$1.schedule(ParentRunner.java:71)&#13;
	at org.junit.runners.ParentRunner.runChildren(ParentRunner.java:288)&#13;
	at org.junit.runners.ParentRunner.access$000(ParentRunner.java:58)&#13;
	at org.junit.runners.ParentRunner$2.evaluate(ParentRunner.java:268)&#13;
	at org.junit.runners.ParentRunner.run(ParentRunner.java:363)&#13;
	at cucumber.runtime.junit.FeatureRunner.run(FeatureRunner.java:73)&#13;
	at cucumber.api.junit.Cucumber.runChild(Cucumber.java:122)&#13;
	at cucumber.api.junit.Cucumber.runChild(Cucumber.java:64)&#13;
	at org.junit.runners.ParentRunner$3.run(ParentRunner.java:290)&#13;
	at org.junit.runners.ParentRunner$1.schedule(ParentRunner.java:71)&#13;
	at org.junit.runners.ParentRunner.runChildren(ParentRunner.java:288)&#13;
	at org.junit.runners.ParentRunner.access$000(ParentRunner.java:58)&#13;
	at org.junit.runners.ParentRunner$2.evaluate(ParentRunner.java:268)&#13;
	at cucumber.api.junit.Cucumber$1.evaluate(Cucumber.java:131)&#13;
	at org.junit.runners.ParentRunner.run(ParentRunner.java:363)&#13;
	at org.eclipse.jdt.internal.junit4.runner.JUnit4TestReference.run(JUnit4TestReference.java:86)&#13;
	at org.eclipse.jdt.internal.junit.runner.TestExecution.run(TestExecution.java:38)&#13;
	at org.eclipse.jdt.internal.junit.runner.RemoteTestRunner.runTests(RemoteTestRunner.java:538)&#13;
	at org.eclipse.jdt.internal.junit.runner.RemoteTestRunner.runTests(RemoteTestRunner.java:760)&#13;
	at org.eclipse.jdt.internal.junit.runner.RemoteTestRunner.run(RemoteTestRunner.java:460)&#13;
	at org.eclipse.jdt.internal.junit.runner.RemoteTestRunner.main(RemoteTestRunner.java:206)&#13;
&#13;
</error>
      </testcase>
      <testcase name="Add Bike Light to Cart and Checkout" classname="Buy Products" time="4.976">
        <error>org.openqa.selenium.SessionNotCreatedException: Could not start a new session. Response code 500. Message: session not created: This version of ChromeDriver only supports Chrome version 89
Current browser version is 91.0.4472.114 with binary path C:\Program Files\Google\Chrome\Application\chrome.exe
Build info: version: '4.0.0-beta-4', revision: '29f46d02dd'
System info: host: 'LTIN291062', ip: '192.168.43.15', os.name: 'Windows 10', os.arch: 'amd64', os.version: '10.0', java.version: '1.8.0_291'
Driver info: org.openqa.selenium.chrome.ChromeDriver
Command: [null, newSession {capabilities=[Capabilities {browserName: chrome, goog:chromeOptions: {args: [], extensions: []}}], desiredCapabilities=Capabilities {browserName: chrome, goog:chromeOptions: {args: [], extensions: []}}}]&#13;
	at org.openqa.selenium.remote.ProtocolHandshake.createSession(ProtocolHandshake.java:126)&#13;
	at org.openqa.selenium.remote.ProtocolHandshake.createSession(ProtocolHandshake.java:84)&#13;
	at org.openqa.selenium.remote.ProtocolHandshake.createSession(ProtocolHandshake.java:62)&#13;
	at org.openqa.selenium.remote.HttpCommandExecutor.execute(HttpCommandExecutor.java:156)&#13;
	at org.openqa.selenium.remote.service.DriverCommandExecutor.invokeExecute(DriverCommandExecutor.java:162)&#13;
	at org.openqa.selenium.remote.service.DriverCommandExecutor.execute(DriverCommandExecutor.java:137)&#13;
	at org.openqa.selenium.remote.RemoteWebDriver.execute(RemoteWebDriver.java:612)&#13;
	at org.openqa.selenium.remote.RemoteWebDriver.startSession(RemoteWebDriver.java:244)&#13;
	at org.openqa.selenium.remote.RemoteWebDriver.&lt;init&gt;(RemoteWebDriver.java:165)&#13;
	at org.openqa.selenium.chromium.ChromiumDriver.&lt;init&gt;(ChromiumDriver.java:89)&#13;
	at org.openqa.selenium.chrome.ChromeDriver.&lt;init&gt;(ChromeDriver.java:99)&#13;
	at org.openqa.selenium.chrome.ChromeDriver.&lt;init&gt;(ChromeDriver.java:86)&#13;
	at org.openqa.selenium.chrome.ChromeDriver.&lt;init&gt;(ChromeDriver.java:41)&#13;
	at GroupID.Base.getDriver(Base.java:17)&#13;
	at stepDefinition.StepDefinition.user_is_on_saucedemo_home_page(StepDefinition.java:31)&#13;
	at ✽.User is on SauceDemo home Page(file:src/test/java/features/BuyProducts.feature:12)&#13;
&#13;
java.lang.NullPointerException&#13;
	at stepDefinition.Hooks.aftervalidation(Hooks.java:26)&#13;
	at sun.reflect.NativeMethodAccessorImpl.invoke0(Native Method)&#13;
	at sun.reflect.NativeMethodAccessorImpl.invoke(NativeMethodAccessorImpl.java:62)&#13;
	at sun.reflect.DelegatingMethodAccessorImpl.invoke(DelegatingMethodAccessorImpl.java:43)&#13;
	at java.lang.reflect.Method.invoke(Method.java:498)&#13;
	at cucumber.runtime.Utils$1.call(Utils.java:26)&#13;
	at cucumber.runtime.Timeout.timeout(Timeout.java:16)&#13;
	at cucumber.runtime.Utils.invoke(Utils.java:20)&#13;
	at cucumber.runtime.java.JavaHookDefinition.execute(JavaHookDefinition.java:60)&#13;
	at cucumber.runner.HookDefinitionMatch.runStep(HookDefinitionMatch.java:16)&#13;
	at cucumber.runner.TestStep.executeStep(TestStep.java:63)&#13;
	at cucumber.runner.TestStep.run(TestStep.java:49)&#13;
	at cucumber.runner.TestCase.run(TestCase.java:49)&#13;
	at cucumber.runner.Runner.runPickle(Runner.java:40)&#13;
	at cucumber.runtime.junit.PickleRunners$NoStepDescriptions.run(PickleRunners.java:146)&#13;
	at cucumber.runtime.junit.FeatureRunner.runChild(FeatureRunner.java:68)&#13;
	at cucumber.runtime.junit.FeatureRunner.runChild(FeatureRunner.java:23)&#13;
	at org.junit.runners.ParentRunner$3.run(ParentRunner.java:290)&#13;
	at org.junit.runners.ParentRunner$1.schedule(ParentRunner.java:71)&#13;
	at org.junit.runners.ParentRunner.runChildren(ParentRunner.java:288)&#13;
	at org.junit.runners.ParentRunner.access$000(ParentRunner.java:58)&#13;
	at org.junit.runners.ParentRunner$2.evaluate(ParentRunner.java:268)&#13;
	at org.junit.runners.ParentRunner.run(ParentRunner.java:363)&#13;
	at cucumber.runtime.junit.FeatureRunner.run(FeatureRunner.java:73)&#13;
	at cucumber.api.junit.Cucumber.runChild(Cucumber.java:122)&#13;
	at cucumber.api.junit.Cucumber.runChild(Cucumber.java:64)&#13;
	at org.junit.runners.ParentRunner$3.run(ParentRunner.java:290)&#13;
	at org.junit.runners.ParentRunner$1.schedule(ParentRunner.java:71)&#13;
	at org.junit.runners.ParentRunner.runChildren(ParentRunner.java:288)&#13;
	at org.junit.runners.ParentRunner.access$000(ParentRunner.java:58)&#13;
	at org.junit.runners.ParentRunner$2.evaluate(ParentRunner.java:268)&#13;
	at cucumber.api.junit.Cucumber$1.evaluate(Cucumber.java:131)&#13;
	at org.junit.runners.ParentRunner.run(ParentRunner.java:363)&#13;
	at org.eclipse.jdt.internal.junit4.runner.JUnit4TestReference.run(JUnit4TestReference.java:86)&#13;
	at org.eclipse.jdt.internal.junit.runner.TestExecution.run(TestExecution.java:38)&#13;
	at org.eclipse.jdt.internal.junit.runner.RemoteTestRunner.runTests(RemoteTestRunner.java:538)&#13;
	at org.eclipse.jdt.internal.junit.runner.RemoteTestRunner.runTests(RemoteTestRunner.java:760)&#13;
	at org.eclipse.jdt.internal.junit.runner.RemoteTestRunner.run(RemoteTestRunner.java:460)&#13;
	at org.eclipse.jdt.internal.junit.runner.RemoteTestRunner.main(RemoteTestRunner.java:206)&#13;
&#13;
</error>
      </testcase>
    </testsuite>
  </testsuite>
</testrun>
